<?xml version="1.0" encoding="UTF-8"?>
<!-- Generated by org.testng.reporters.JUnitReportReporter -->
<testsuite hostname="DESKTOP-EU5VLQQ" failures="0" tests="1" name="generics.Basetest" time="0.291" errors="0" timestamp="21 Mar 2021 13:38:32 GMT" skipped="0">
  <testcase classname="generics.Basetest" name="Logintap" time="0.291"/>
</testsuite> <!-- generics.Basetest -->
